{"level":"info","ts":1687317099.8655765,"msg":"*********************************************\nStarted processing init at 2023-06-20T21:11:39-06:00\n*********************************************\n"}
{"level":"info","ts":1687317099.8658147,"msg":"*********************************************\nStarted processing VerifyInstallBrew at 2023-06-20T21:11:39-06:00\n*********************************************\n"}
{"level":"info","ts":1687317099.8660152,"msg":"INFO","timestamp":"2023-06-20T21:11:39-06:00","function":"VerifyInstallBrew","message":"Brew is installed"}
{"level":"info","ts":1687317099.8661513,"msg":"*********************************************\nFinished  processing VerifyInstallBrew at 2023-06-20T21:11:39-06:00\n*********************************************\n"}
{"level":"info","ts":1687317099.8662791,"msg":"*********************************************\nStarted processing GetPackages at 2023-06-20T21:11:39-06:00\n*********************************************\n"}
{"level":"info","ts":1687317099.8665698,"msg":"*********************************************\nFinished  processing GetPackages at 2023-06-20T21:11:39-06:00\n*********************************************\n"}
{"level":"info","ts":1687317101.8430908,"msg":"INFO","timestamp":"2023-06-20T21:11:41-06:00","function":"checkAndInstallPackage","message":"age is already installed"}
{"level":"info","ts":1687317101.8436158,"msg":"SUCCESS","timestamp":"2023-06-20T21:11:41-06:00","message":"Successfully installed package age"}
{"level":"info","ts":1687317141.8372827,"msg":"INFO","timestamp":"2023-06-20T21:12:21-06:00","function":"checkAndInstallPackage","message":"ansible is already installed"}
{"level":"info","ts":1687317141.8378212,"msg":"SUCCESS","timestamp":"2023-06-20T21:12:21-06:00","message":"Successfully installed package ansible"}
{"level":"info","ts":1687317143.7228081,"msg":"INFO","timestamp":"2023-06-20T21:12:23-06:00","function":"checkAndInstallPackage","message":"cilium-cli is already installed"}
{"level":"info","ts":1687317143.7256024,"msg":"SUCCESS","timestamp":"2023-06-20T21:12:23-06:00","message":"Successfully installed package cilium-cli"}
{"level":"info","ts":1687317145.2738135,"msg":"INFO","timestamp":"2023-06-20T21:12:25-06:00","function":"checkAndInstallPackage","message":"cloudflare/cloudflare/cloudflared is already installed"}
{"level":"info","ts":1687317145.2739637,"msg":"SUCCESS","timestamp":"2023-06-20T21:12:25-06:00","message":"Successfully installed package cloudflare/cloudflare/cloudflared"}
{"level":"info","ts":1687317146.4233902,"msg":"INFO","timestamp":"2023-06-20T21:12:26-06:00","function":"checkAndInstallPackage","message":"direnv is already installed"}
{"level":"info","ts":1687317146.4235086,"msg":"SUCCESS","timestamp":"2023-06-20T21:12:26-06:00","message":"Successfully installed package direnv"}
{"level":"info","ts":1687317148.501067,"msg":"INFO","timestamp":"2023-06-20T21:12:28-06:00","function":"checkAndInstallPackage","message":"fluxcd/tap/flux is already installed"}
{"level":"info","ts":1687317148.5012128,"msg":"SUCCESS","timestamp":"2023-06-20T21:12:28-06:00","message":"Successfully installed package fluxcd/tap/flux"}
{"level":"info","ts":1687317150.0031307,"msg":"INFO","timestamp":"2023-06-20T21:12:30-06:00","function":"checkAndInstallPackage","message":"go-task/tap/go-task is already installed"}
{"level":"info","ts":1687317150.0032666,"msg":"SUCCESS","timestamp":"2023-06-20T21:12:30-06:00","message":"Successfully installed package go-task/tap/go-task"}
{"level":"info","ts":1687317151.1786282,"msg":"INFO","timestamp":"2023-06-20T21:12:31-06:00","function":"checkAndInstallPackage","message":"helm is already installed"}
{"level":"info","ts":1687317151.1787317,"msg":"SUCCESS","timestamp":"2023-06-20T21:12:31-06:00","message":"Successfully installed package helm"}
{"level":"info","ts":1687317152.3312967,"msg":"INFO","timestamp":"2023-06-20T21:12:32-06:00","function":"checkAndInstallPackage","message":"ipcalc is already installed"}
{"level":"info","ts":1687317152.3314006,"msg":"SUCCESS","timestamp":"2023-06-20T21:12:32-06:00","message":"Successfully installed package ipcalc"}
{"level":"info","ts":1687317153.819543,"msg":"INFO","timestamp":"2023-06-20T21:12:33-06:00","function":"checkAndInstallPackage","message":"jq is already installed"}
{"level":"info","ts":1687317153.819845,"msg":"SUCCESS","timestamp":"2023-06-20T21:12:33-06:00","message":"Successfully installed package jq"}
{"level":"info","ts":1687317155.12871,"msg":"INFO","timestamp":"2023-06-20T21:12:35-06:00","function":"checkAndInstallPackage","message":"kubernetes-cli is already installed"}
{"level":"info","ts":1687317155.1288815,"msg":"SUCCESS","timestamp":"2023-06-20T21:12:35-06:00","message":"Successfully installed package kubernetes-cli"}
{"level":"info","ts":1687317157.0684261,"msg":"INFO","timestamp":"2023-06-20T21:12:37-06:00","function":"checkAndInstallPackage","message":"kustomize is already installed"}
{"level":"info","ts":1687317157.0707848,"msg":"SUCCESS","timestamp":"2023-06-20T21:12:37-06:00","message":"Successfully installed package kustomize"}
{"level":"info","ts":1687317159.9023836,"msg":"INFO","timestamp":"2023-06-20T21:12:39-06:00","function":"checkAndInstallPackage","message":"pre-commit is already installed"}
{"level":"info","ts":1687317159.902975,"msg":"SUCCESS","timestamp":"2023-06-20T21:12:39-06:00","message":"Successfully installed package pre-commit"}
{"level":"info","ts":1687317161.110562,"msg":"INFO","timestamp":"2023-06-20T21:12:41-06:00","function":"checkAndInstallPackage","message":"prettier is already installed"}
{"level":"info","ts":1687317161.110727,"msg":"SUCCESS","timestamp":"2023-06-20T21:12:41-06:00","message":"Successfully installed package prettier"}
{"level":"info","ts":1687317162.2506323,"msg":"INFO","timestamp":"2023-06-20T21:12:42-06:00","function":"checkAndInstallPackage","message":"sops is already installed"}
{"level":"info","ts":1687317162.2518075,"msg":"SUCCESS","timestamp":"2023-06-20T21:12:42-06:00","message":"Successfully installed package sops"}
{"level":"info","ts":1687317163.9944117,"msg":"INFO","timestamp":"2023-06-20T21:12:43-06:00","function":"checkAndInstallPackage","message":"stern is already installed"}
{"level":"info","ts":1687317163.9946194,"msg":"SUCCESS","timestamp":"2023-06-20T21:12:43-06:00","message":"Successfully installed package stern"}
{"level":"info","ts":1687317165.4823735,"msg":"INFO","timestamp":"2023-06-20T21:12:45-06:00","function":"checkAndInstallPackage","message":"weaveworks/tap/gitops is already installed"}
{"level":"info","ts":1687317165.4831467,"msg":"SUCCESS","timestamp":"2023-06-20T21:12:45-06:00","message":"Successfully installed package weaveworks/tap/gitops"}
{"level":"info","ts":1687317167.7712333,"msg":"INFO","timestamp":"2023-06-20T21:12:47-06:00","function":"checkAndInstallPackage","message":"yamllint is already installed"}
{"level":"info","ts":1687317167.771531,"msg":"SUCCESS","timestamp":"2023-06-20T21:12:47-06:00","message":"Successfully installed package yamllint"}
{"level":"info","ts":1687317169.006497,"msg":"INFO","timestamp":"2023-06-20T21:12:49-06:00","function":"checkAndInstallPackage","message":"yq is already installed"}
{"level":"info","ts":1687317169.0067868,"msg":"SUCCESS","timestamp":"2023-06-20T21:12:49-06:00","message":"Successfully installed package yq"}
{"level":"info","ts":1687317169.00687,"msg":"SUCCESS","timestamp":"2023-06-20T21:12:49-06:00","message":"All packages installed successfully"}
{"level":"info","ts":1687317169.006967,"msg":"*********************************************\nStarted processing RunPrecommitInstall at 2023-06-20T21:12:49-06:00\n*********************************************\n"}
{"level":"error","ts":1687317169.7203817,"msg":"ERROR","timestamp":"2023-06-20T21:12:49-06:00","message":"Failed to run pre-commit install --install-hooks","err":"exit status 1"}
{"level":"error","ts":1687317169.7219572,"msg":"ERROR","timestamp":"2023-06-20T21:12:49-06:00","message":"Failed to install Pre-commit Hooks","err":"exit status 1"}
